{"contracts/Arithmetic.sol":{"l":{"7":1,"12":1,"13":1,"18":0},"path":"/Users/ciccio/Documents/Repos/SoftwareSecurity/lab2/reactlab/contracts/Arithmetic.sol","s":{"1":1,"2":1,"3":1,"4":0},"b":{"1":[1,0]},"f":{"1":1,"2":1,"3":0},"fnMap":{"1":{"name":"add","line":6,"loc":{"start":{"line":6,"column":4},"end":{"line":8,"column":4}}},"2":{"name":"subtract","line":11,"loc":{"start":{"line":11,"column":4},"end":{"line":14,"column":4}}},"3":{"name":"multiply","line":17,"loc":{"start":{"line":17,"column":4},"end":{"line":19,"column":4}}}},"statementMap":{"1":{"start":{"line":7,"column":8},"end":{"line":7,"column":20}},"2":{"start":{"line":12,"column":8},"end":{"line":12,"column":64}},"3":{"start":{"line":13,"column":8},"end":{"line":13,"column":20}},"4":{"start":{"line":18,"column":8},"end":{"line":18,"column":20}}},"branchMap":{"1":{"line":12,"type":"if","locations":[{"start":{"line":12,"column":8},"end":{"line":12,"column":8}},{"start":{"line":12,"column":8},"end":{"line":12,"column":8}}]}}},"contracts/ControlStructures.sol":{"l":{"7":0,"8":0,"10":0,"16":0,"17":0,"18":0,"20":0,"25":0,"26":0,"27":0,"28":0,"30":0,"35":0,"36":0,"38":0,"39":0,"40":0,"41":0,"42":0,"43":0,"44":0,"46":0,"47":0,"48":0,"50":0},"path":"/Users/ciccio/Documents/Repos/SoftwareSecurity/lab2/reactlab/contracts/ControlStructures.sol","s":{"1":0,"2":0,"3":0,"4":0,"5":0,"6":0,"7":0,"8":0,"9":0,"10":0,"11":0,"12":0,"13":0,"14":0,"15":0,"16":0,"17":0,"18":0,"19":0},"b":{"1":[0,0],"2":[0,0]},"f":{"1":0,"2":0,"3":0,"4":0},"fnMap":{"1":{"name":"isEven","line":6,"loc":{"start":{"line":6,"column":4},"end":{"line":12,"column":4}}},"2":{"name":"sumToN","line":15,"loc":{"start":{"line":15,"column":4},"end":{"line":21,"column":4}}},"3":{"name":"countdown","line":24,"loc":{"start":{"line":24,"column":4},"end":{"line":31,"column":4}}},"4":{"name":"uintToString","line":34,"loc":{"start":{"line":34,"column":4},"end":{"line":51,"column":4}}}},"statementMap":{"1":{"start":{"line":7,"column":8},"end":{"line":7,"column":229}},"2":{"start":{"line":8,"column":12},"end":{"line":8,"column":25}},"3":{"start":{"line":10,"column":12},"end":{"line":10,"column":24}},"4":{"start":{"line":16,"column":8},"end":{"line":16,"column":20}},"5":{"start":{"line":17,"column":8},"end":{"line":17,"column":489}},"6":{"start":{"line":20,"column":8},"end":{"line":20,"column":18}},"7":{"start":{"line":25,"column":8},"end":{"line":25,"column":33}},"8":{"start":{"line":26,"column":8},"end":{"line":26,"column":737}},"9":{"start":{"line":30,"column":8},"end":{"line":30,"column":21}},"10":{"start":{"line":35,"column":8},"end":{"line":35,"column":1018}},"11":{"start":{"line":36,"column":12},"end":{"line":36,"column":22}},"12":{"start":{"line":38,"column":8},"end":{"line":38,"column":24}},"13":{"start":{"line":39,"column":8},"end":{"line":39,"column":49}},"14":{"start":{"line":40,"column":8},"end":{"line":40,"column":20}},"15":{"start":{"line":41,"column":8},"end":{"line":41,"column":1173}},"16":{"start":{"line":42,"column":12},"end":{"line":42,"column":35}},"17":{"start":{"line":46,"column":8},"end":{"line":46,"column":39}},"18":{"start":{"line":47,"column":8},"end":{"line":47,"column":1371}},"19":{"start":{"line":50,"column":8},"end":{"line":50,"column":24}}},"branchMap":{"1":{"line":7,"type":"if","locations":[{"start":{"line":7,"column":8},"end":{"line":7,"column":8}},{"start":{"line":7,"column":8},"end":{"line":7,"column":8}}]},"2":{"line":35,"type":"if","locations":[{"start":{"line":35,"column":8},"end":{"line":35,"column":8}},{"start":{"line":35,"column":8},"end":{"line":35,"column":8}}]}}},"contracts/EcoCreditToken.sol":{"l":{"8":0,"12":0},"path":"/Users/ciccio/Documents/Repos/SoftwareSecurity/lab2/reactlab/contracts/EcoCreditToken.sol","s":{"1":0,"2":0},"b":{},"f":{"1":0,"2":0},"fnMap":{"1":{"name":"constructor","line":7,"loc":{"start":{"line":7,"column":4},"end":{"line":9,"column":4}}},"2":{"name":"mintReward","line":11,"loc":{"start":{"line":11,"column":4},"end":{"line":13,"column":4}}}},"statementMap":{"1":{"start":{"line":8,"column":8},"end":{"line":8,"column":60}},"2":{"start":{"line":12,"column":8},"end":{"line":12,"column":31}}},"branchMap":{}},"contracts/EmissionCertificate.sol":{"l":{"15":1,"16":1,"17":1,"18":1},"path":"/Users/ciccio/Documents/Repos/SoftwareSecurity/lab2/reactlab/contracts/EmissionCertificate.sol","s":{"1":1,"2":1,"3":1},"b":{"1":[1,1]},"f":{"1":4,"2":1},"fnMap":{"1":{"name":"constructor","line":12,"loc":{"start":{"line":12,"column":4},"end":{"line":12,"column":86}}},"2":{"name":"mintCertificate","line":14,"loc":{"start":{"line":14,"column":4},"end":{"line":19,"column":4}}}},"statementMap":{"1":{"start":{"line":16,"column":8},"end":{"line":16,"column":44}},"2":{"start":{"line":17,"column":8},"end":{"line":17,"column":35}},"3":{"start":{"line":18,"column":8},"end":{"line":18,"column":41}}},"branchMap":{"1":{"line":14,"type":"if","locations":[{"start":{"line":14,"column":79},"end":{"line":14,"column":79}},{"start":{"line":14,"column":79},"end":{"line":14,"column":79}}]}}},"contracts/HelloWorld.sol":{"l":{"8":0,"12":0,"16":0},"path":"/Users/ciccio/Documents/Repos/SoftwareSecurity/lab2/reactlab/contracts/HelloWorld.sol","s":{"1":0},"b":{},"f":{"1":0,"2":0,"3":0},"fnMap":{"1":{"name":"constructor","line":7,"loc":{"start":{"line":7,"column":4},"end":{"line":9,"column":4}}},"2":{"name":"setMessage","line":11,"loc":{"start":{"line":11,"column":4},"end":{"line":13,"column":4}}},"3":{"name":"getMessage","line":15,"loc":{"start":{"line":15,"column":4},"end":{"line":17,"column":4}}}},"statementMap":{"1":{"start":{"line":16,"column":8},"end":{"line":16,"column":22}}},"branchMap":{}},"contracts/Messages.sol":{"l":{"12":0,"16":0},"path":"/Users/ciccio/Documents/Repos/SoftwareSecurity/lab2/reactlab/contracts/Messages.sol","s":{"1":0},"b":{},"f":{"1":0,"2":0},"fnMap":{"1":{"name":"setMessage","line":11,"loc":{"start":{"line":11,"column":4},"end":{"line":13,"column":4}}},"2":{"name":"getMessage","line":15,"loc":{"start":{"line":15,"column":4},"end":{"line":17,"column":4}}}},"statementMap":{"1":{"start":{"line":16,"column":8},"end":{"line":16,"column":35}}},"branchMap":{}},"contracts/Rocket.sol":{"l":{"9":0,"10":0,"14":0},"path":"/Users/ciccio/Documents/Repos/SoftwareSecurity/lab2/reactlab/contracts/Rocket.sol","s":{},"b":{},"f":{"1":0,"2":0},"fnMap":{"1":{"name":"constructor","line":8,"loc":{"start":{"line":8,"column":4},"end":{"line":11,"column":4}}},"2":{"name":"launch","line":13,"loc":{"start":{"line":13,"column":4},"end":{"line":15,"column":4}}}},"statementMap":{},"branchMap":{}},"contracts/SimpleFunctions.sol":{"l":{"9":0,"14":0,"19":0,"24":0,"25":0},"path":"/Users/ciccio/Documents/Repos/SoftwareSecurity/lab2/reactlab/contracts/SimpleFunctions.sol","s":{"1":0,"2":0},"b":{"1":[0,0]},"f":{"1":0,"2":0,"3":0,"4":0},"fnMap":{"1":{"name":"incrementCount","line":8,"loc":{"start":{"line":8,"column":4},"end":{"line":10,"column":4}}},"2":{"name":"doubleCount","line":13,"loc":{"start":{"line":13,"column":4},"end":{"line":15,"column":4}}},"3":{"name":"getCount","line":18,"loc":{"start":{"line":18,"column":4},"end":{"line":20,"column":4}}},"4":{"name":"resetIfGreaterThan","line":23,"loc":{"start":{"line":23,"column":4},"end":{"line":27,"column":4}}}},"statementMap":{"1":{"start":{"line":19,"column":8},"end":{"line":19,"column":20}},"2":{"start":{"line":24,"column":8},"end":{"line":24,"column":596}}},"branchMap":{"1":{"line":24,"type":"if","locations":[{"start":{"line":24,"column":8},"end":{"line":24,"column":8}},{"start":{"line":24,"column":8},"end":{"line":24,"column":8}}]}}}}